=== Profiling started at Fri 28 Nov 2025 02:02:38 PM EST ===
Using nodes=10000, nfreq=512, ntarget=32

=== RANKS=192 THREADS=1 ===
[INFO] MPI ranks (env) = 192
[INFO] OMP_NUM_THREADS = 1
[INFO] nodes=10000, nfreq_all=512, n_target_freq=32
[TIMING] seconds=35.995108 ranks=192 threads=1



=== RANKS=96 THREADS=2 ===
[INFO] MPI ranks (env) = 96
[INFO] OMP_NUM_THREADS = 2
[INFO] nodes=10000, nfreq_all=512, n_target_freq=32
[TIMING] seconds=71.961596 ranks=96 threads=2



=== RANKS=48 THREADS=4 ===
[INFO] MPI ranks (env) = 48
[INFO] OMP_NUM_THREADS = 4
[INFO] nodes=10000, nfreq_all=512, n_target_freq=32
[TIMING] seconds=190.408497 ranks=48 threads=4



=== RANKS=32 THREADS=6 ===
[INFO] MPI ranks (env) = 32
[INFO] OMP_NUM_THREADS = 6
[INFO] nodes=10000, nfreq_all=512, n_target_freq=32
[TIMING] seconds=58.331544 ranks=32 threads=6



=== RANKS=24 THREADS=8 ===
[INFO] MPI ranks (env) = 24
[INFO] OMP_NUM_THREADS = 8
[INFO] nodes=10000, nfreq_all=512, n_target_freq=32
[TIMING] seconds=11.658140 ranks=24 threads=8



=== RANKS=16 THREADS=12 ===
[INFO] MPI ranks (env) = 16
[INFO] OMP_NUM_THREADS = 12
[INFO] nodes=10000, nfreq_all=512, n_target_freq=32
[TIMING] seconds=3.590493 ranks=16 threads=12



=== RANKS=12 THREADS=16 ===
[INFO] MPI ranks (env) = 12
[INFO] OMP_NUM_THREADS = 16
[INFO] nodes=10000, nfreq_all=512, n_target_freq=32
[TIMING] seconds=4.529617 ranks=12 threads=16



=== RANKS=8 THREADS=24 ===
[INFO] MPI ranks (env) = 8
[INFO] OMP_NUM_THREADS = 24
[INFO] nodes=10000, nfreq_all=512, n_target_freq=32
[TIMING] seconds=1.752747 ranks=8 threads=24



=== RANKS=6 THREADS=32 ===
[INFO] MPI ranks (env) = 6
[INFO] OMP_NUM_THREADS = 32
[INFO] nodes=10000, nfreq_all=512, n_target_freq=32
[TIMING] seconds=3.965776 ranks=6 threads=32



=== RANKS=4 THREADS=48 ===
[INFO] MPI ranks (env) = 4
[INFO] OMP_NUM_THREADS = 48
[INFO] nodes=10000, nfreq_all=512, n_target_freq=32
[TIMING] seconds=6.682210 ranks=4 threads=48



=== RANKS=2 THREADS=96 ===
[INFO] MPI ranks (env) = 2
[INFO] OMP_NUM_THREADS = 96
[INFO] nodes=10000, nfreq_all=512, n_target_freq=32
[TIMING] seconds=124.200360 ranks=2 threads=96



=== RANKS=1 THREADS=192 ===
[INFO] MPI ranks (env) = 1
[INFO] OMP_NUM_THREADS = 192
[INFO] nodes=10000, nfreq_all=512, n_target_freq=32
[TIMING] seconds=400.086655 ranks=1 threads=192


=== Profiling finished at Fri 28 Nov 2025 02:18:16 PM EST ===
=== Profiling started at Fri 28 Nov 2025 03:41:38 PM EST ===
Using nodes=10000, nfreq=512, ntarget=32

=== RANKS=192 THREADS=1 ===
[INFO] MPI ranks (env) = 192
[INFO] OMP_NUM_THREADS = 1
[INFO] nodes=10000, nfreq_all=512, n_target_freq=32
[TIMING] seconds=32.833284 ranks=192 threads=1



=== RANKS=96 THREADS=2 ===
[INFO] MPI ranks (env) = 96
[INFO] OMP_NUM_THREADS = 2
[INFO] nodes=10000, nfreq_all=512, n_target_freq=32
[TIMING] seconds=68.521256 ranks=96 threads=2



=== RANKS=48 THREADS=4 ===
[INFO] MPI ranks (env) = 48
[INFO] OMP_NUM_THREADS = 4
[INFO] nodes=10000, nfreq_all=512, n_target_freq=32
[TIMING] seconds=191.732802 ranks=48 threads=4



=== RANKS=32 THREADS=6 ===
[INFO] MPI ranks (env) = 32
[INFO] OMP_NUM_THREADS = 6
[INFO] nodes=10000, nfreq_all=512, n_target_freq=32
[TIMING] seconds=60.486853 ranks=32 threads=6



=== RANKS=24 THREADS=8 ===
[INFO] MPI ranks (env) = 24
[INFO] OMP_NUM_THREADS = 8
[INFO] nodes=10000, nfreq_all=512, n_target_freq=32
[TIMING] seconds=10.794501 ranks=24 threads=8



=== RANKS=16 THREADS=12 ===
[INFO] MPI ranks (env) = 16
[INFO] OMP_NUM_THREADS = 12
[INFO] nodes=10000, nfreq_all=512, n_target_freq=32
[TIMING] seconds=3.469207 ranks=16 threads=12



=== RANKS=12 THREADS=16 ===
[INFO] MPI ranks (env) = 12
[INFO] OMP_NUM_THREADS = 16
[INFO] nodes=10000, nfreq_all=512, n_target_freq=32
[TIMING] seconds=4.716447 ranks=12 threads=16



=== RANKS=8 THREADS=24 ===
[INFO] MPI ranks (env) = 8
[INFO] OMP_NUM_THREADS = 24
[INFO] nodes=10000, nfreq_all=512, n_target_freq=32
[TIMING] seconds=1.695222 ranks=8 threads=24



=== RANKS=6 THREADS=32 ===
[INFO] MPI ranks (env) = 6
[INFO] OMP_NUM_THREADS = 32
[INFO] nodes=10000, nfreq_all=512, n_target_freq=32
[TIMING] seconds=3.961910 ranks=6 threads=32



=== RANKS=4 THREADS=48 ===
[INFO] MPI ranks (env) = 4
[INFO] OMP_NUM_THREADS = 48
[INFO] nodes=10000, nfreq_all=512, n_target_freq=32
[TIMING] seconds=6.430379 ranks=4 threads=48



=== RANKS=2 THREADS=96 ===
[INFO] MPI ranks (env) = 2
[INFO] OMP_NUM_THREADS = 96
[INFO] nodes=10000, nfreq_all=512, n_target_freq=32
[TIMING] seconds=123.060764 ranks=2 threads=96



=== RANKS=1 THREADS=192 ===
[INFO] MPI ranks (env) = 1
[INFO] OMP_NUM_THREADS = 192
[INFO] nodes=10000, nfreq_all=512, n_target_freq=32
[TIMING] seconds=399.132260 ranks=1 threads=192


=== Profiling finished at Fri 28 Nov 2025 03:57:10 PM EST ===
